sxUnstallName=GoldWave v5.12
sxFile=C:\Program Files\GoldWave\unstall.log
sxFile=C:\Program Files\GoldWave\Effect\DirectX.pig
sxFile=C:\Program Files\GoldWave\File\FLACFile.pig
sxFile=C:\Program Files\GoldWave\File\libFLAC.dll
sxFile=C:\Program Files\GoldWave\File\OggFile.pig
sxFile=C:\Program Files\GoldWave\File\WMAFile.pig
sxFile=C:\Program Files\GoldWave\GoldWave.exe
sxFile=C:\Program Files\GoldWave\GoldWave.hlp
sxFile=C:\Program Files\GoldWave\goldwave.htm
sxFile=C:\Program Files\GoldWave\GWPreset.reg
sxFile=C:\Program Files\GoldWave\pad_file.htm
sxFile=C:\Program Files\GoldWave\pad_file.xml
sxFile=C:\Program Files\GoldWave\ReadMe.txt
sxFile=C:\Program Files\GoldWave\unstall.exe
sxFile=C:\Program Files\GoldWave\WhatsNew.txt
sxFile=C:\Documents and Settings\SEYUNG CO\바탕 화면\GoldWave.lnk
sxFolder=C:\Documents and Settings\SEYUNG CO\시작 메뉴\프로그램\GoldWave\
sxFile=C:\Documents and Settings\SEYUNG CO\시작 메뉴\프로그램\GoldWave\GoldWave.lnk
sxFile=C:\Documents and Settings\SEYUNG CO\시작 메뉴\프로그램\GoldWave\GoldWave Setup.lnk
sxFile=C:\Documents and Settings\SEYUNG CO\시작 메뉴\프로그램\GoldWave\GoldWave Manual.lnk
sxFile=C:\Documents and Settings\SEYUNG CO\시작 메뉴\프로그램\GoldWave\GoldWave Help.lnk
sxRegistry=Software\GoldWave\GoldWave
sxFile=C:\Program Files\GoldWave\GoldWave.gid
sxFile=C:\Program Files\GoldWave\lame_enc.dll
sxFile=C:\Program Files\GoldWave\GoldWave.exe.manifest
sxFolder=C:\Program Files\GoldWave\File\
sxFolder=C:\Program Files\GoldWave\Visual\
sxFolder=C:\Program Files\GoldWave\Effect\
sxFolder=C:\Program Files\GoldWave\
